TN:
SF:/Volumes/U34 Bolt/Documents/github/ai_code_buddy/src/args.rs
FN:4,is_gpu_available
FNF:1
FNDA:2,is_gpu_available
DA:4,2
DA:7,2
LF:2
LH:2
end_of_record
TN:
SF:/Volumes/U34 Bolt/Documents/github/ai_code_buddy/src/core/ai_analyzer.rs
FN:32,<impl Display for GpuBackend>::fmt
FN:47,AIAnalyzer::new
FN:74,AIAnalyzer::get_backend
FN:78,AIAnalyzer::detect_gpu_backend
FN:101,AIAnalyzer::is_apple_silicon
FN:106,AIAnalyzer::has_cuda_support
FN:115,AIAnalyzer::has_mkl_support
FN:121,AIAnalyzer::analyze_file
FN:156,AIAnalyzer::rule_based_analysis
FN:425,AIAnalyzer::detect_language
FNF:10
FNDA:22,<impl Display for GpuBackend>::fmt
FNDA:4,AIAnalyzer::new
FNDA:2,AIAnalyzer::get_backend
FNDA:0,AIAnalyzer::detect_gpu_backend
FNDA:0,AIAnalyzer::is_apple_silicon
FNDA:0,AIAnalyzer::has_cuda_support
FNDA:0,AIAnalyzer::has_mkl_support
FNDA:2,AIAnalyzer::analyze_file
FNDA:8,AIAnalyzer::rule_based_analysis
FNDA:12,AIAnalyzer::detect_language
DA:32,22
DA:33,22
DA:34,5
DA:35,15
DA:36,15
DA:37,21
DA:47,4
DA:48,4
DA:51,4
DA:52,0
DA:54,2
DA:57,4
DA:59,4
DA:60,4
DA:62,4
DA:65,2
DA:66,2
DA:67,4
DA:70,2
DA:74,2
DA:75,2
DA:78,0
DA:80,0
DA:81,0
DA:82,0
DA:85,0
DA:86,0
DA:87,0
DA:90,0
DA:91,0
DA:92,0
DA:96,0
DA:101,0
DA:103,0
DA:106,0
DA:109,0
DA:111,0
DA:115,0
DA:121,2
DA:126,8
DA:128,4
DA:136,4
DA:140,10
DA:145,2
DA:156,8
DA:157,16
DA:159,86
DA:167,66
DA:168,66
DA:169,4
DA:170,8
DA:172,4
DA:173,4
DA:174,4
DA:175,4
DA:176,4
DA:177,4
DA:178,4
DA:179,4
DA:184,70
DA:185,2
DA:186,2
DA:187,2
DA:188,2
DA:189,2
DA:190,2
DA:191,2
DA:197,4
DA:198,4
DA:200,2
DA:201,2
DA:202,2
DA:203,2
DA:204,2
DA:205,2
DA:206,2
DA:212,68
DA:213,68
DA:214,2
DA:215,0
DA:216,0
DA:218,2
DA:219,2
DA:220,2
DA:221,2
DA:222,2
DA:223,2
DA:224,2
DA:230,4
DA:232,2
DA:233,2
DA:234,2
DA:235,2
DA:236,2
DA:237,2
DA:238,2
DA:245,24
DA:247,32
DA:248,32
DA:249,8
DA:250,8
DA:251,40
DA:252,16
DA:254,48
DA:255,2
DA:273,90
DA:274,6
DA:275,6
DA:276,4
DA:277,6
DA:278,6
DA:279,4
DA:280,4
DA:281,2
DA:285,90
DA:286,6
DA:287,6
DA:288,4
DA:289,6
DA:290,6
DA:291,4
DA:292,4
DA:293,2
DA:298,92
DA:299,2
DA:300,2
DA:301,2
DA:302,2
DA:303,2
DA:304,2
DA:305,2
DA:306,2
DA:307,2
DA:312,94
DA:313,6
DA:314,6
DA:315,4
DA:316,6
DA:317,6
DA:318,4
DA:319,4
DA:320,2
DA:324,26
DA:326,36
DA:327,2
DA:328,2
DA:329,2
DA:330,2
DA:331,2
DA:332,2
DA:333,2
DA:334,2
DA:338,36
DA:339,2
DA:340,2
DA:341,2
DA:342,2
DA:343,2
DA:344,2
DA:345,2
DA:350,38
DA:351,2
DA:352,2
DA:353,2
DA:354,2
DA:355,2
DA:356,2
DA:357,2
DA:358,2
DA:359,2
DA:363,10
DA:365,26
DA:366,6
DA:367,6
DA:368,4
DA:369,6
DA:370,6
DA:371,4
DA:372,4
DA:373,2
DA:378,26
DA:379,6
DA:380,6
DA:381,4
DA:382,6
DA:383,6
DA:384,4
DA:385,4
DA:386,2
DA:390,0
DA:395,138
DA:396,2
DA:397,2
DA:398,2
DA:399,2
DA:400,2
DA:401,2
DA:402,2
DA:407,2
DA:408,6
DA:409,6
DA:410,4
DA:411,6
DA:412,6
DA:413,4
DA:414,4
DA:415,6
DA:417,2
DA:422,8
DA:425,12
DA:426,36
DA:427,60
DA:428,20
DA:429,12
DA:430,10
DA:431,8
DA:432,2
DA:433,6
DA:434,2
DA:435,2
DA:436,2
DA:437,2
DA:438,2
DA:439,2
LF:224
LH:203
end_of_record
TN:
SF:/Volumes/U34 Bolt/Documents/github/ai_code_buddy/src/core/analysis.rs
FN:10,perform_analysis_with_progress
FN:123,perform_analysis
FN:129,should_analyze_file
FN:160,file_matches_pattern
FN:172,detect_language
FNF:5
FNDA:8,perform_analysis_with_progress
FNDA:8,perform_analysis
FNDA:14,should_analyze_file
FNDA:14,file_matches_pattern
FNDA:10,detect_language
DA:10,8
DA:14,16
DA:16,24
DA:19,4
DA:21,0
DA:24,0
DA:30,0
DA:34,0
DA:35,0
DA:36,0
DA:37,0
DA:38,0
DA:40,0
DA:43,0
DA:46,0
DA:47,0
DA:48,0
DA:50,0
DA:51,0
DA:53,0
DA:55,0
DA:61,0
DA:62,0
DA:63,0
DA:64,0
DA:65,0
DA:66,0
DA:68,0
DA:69,0
DA:70,0
DA:71,0
DA:72,0
DA:75,0
DA:76,0
DA:77,0
DA:80,0
DA:82,0
DA:84,0
DA:88,0
DA:89,0
DA:90,0
DA:92,0
DA:93,0
DA:94,0
DA:95,0
DA:96,0
DA:97,0
DA:98,0
DA:99,0
DA:101,0
DA:102,0
DA:105,0
DA:106,0
DA:114,0
DA:116,0
DA:117,0
DA:120,0
DA:123,8
DA:125,16
DA:126,0
DA:129,14
DA:131,14
DA:132,4
DA:135,12
DA:137,2
DA:142,14
DA:143,6
DA:144,2
DA:149,10
DA:150,8
DA:151,6
DA:152,6
DA:154,6
DA:160,14
DA:162,28
DA:163,20
DA:164,30
DA:165,6
DA:168,6
DA:172,10
DA:174,30
DA:175,50
DA:176,14
DA:177,12
DA:178,10
DA:179,8
DA:180,2
DA:181,6
DA:182,2
DA:183,2
DA:184,2
DA:185,2
DA:186,2
DA:187,2
LF:94
LH:40
end_of_record
TN:
SF:/Volumes/U34 Bolt/Documents/github/ai_code_buddy/src/core/git.rs
FN:9,GitAnalyzer::new
FN:16,GitAnalyzer::get_changed_files
FN:62,GitAnalyzer::get_uncommitted_files
FN:85,GitAnalyzer::get_file_status
FN:115,GitAnalyzer::get_file_content
FN:169,GitAnalyzer::get_file_content_from_index
FN:188,GitAnalyzer::get_commit
FNF:7
FNDA:26,GitAnalyzer::new
FNDA:10,GitAnalyzer::get_changed_files
FNDA:7,GitAnalyzer::get_uncommitted_files
FNDA:5,GitAnalyzer::get_file_status
FNDA:4,GitAnalyzer::get_file_content
FNDA:0,GitAnalyzer::get_file_content_from_index
FNDA:13,GitAnalyzer::get_commit
DA:9,26
DA:10,17
DA:11,96
DA:13,0
DA:16,10
DA:21,20
DA:22,20
DA:25,10
DA:26,20
DA:27,4
DA:29,0
DA:30,0
DA:32,0
DA:33,0
DA:34,0
DA:36,0
DA:37,0
DA:38,0
DA:39,0
DA:40,0
DA:41,0
DA:43,0
DA:45,0
DA:46,0
DA:47,0
DA:52,10
DA:53,7
DA:54,1
DA:55,1
DA:59,0
DA:62,7
DA:63,14
DA:64,28
DA:66,2
DA:67,0
DA:68,0
DA:69,2
DA:70,2
DA:71,0
DA:72,0
DA:73,0
DA:75,2
DA:76,4
DA:77,0
DA:82,0
DA:85,5
DA:86,20
DA:88,0
DA:89,0
DA:90,0
DA:91,0
DA:93,0
DA:94,0
DA:95,0
DA:97,0
DA:100,0
DA:101,0
DA:104,0
DA:105,0
DA:112,5
DA:115,4
DA:117,16
DA:119,0
DA:122,0
DA:123,0
DA:125,0
DA:126,0
DA:128,0
DA:129,0
DA:133,0
DA:134,0
DA:136,0
DA:137,0
DA:139,0
DA:140,0
DA:142,0
DA:143,0
DA:150,8
DA:151,4
DA:153,4
DA:154,2
DA:155,0
DA:156,0
DA:157,2
DA:159,0
DA:161,2
DA:162,0
DA:164,0
DA:169,0
DA:170,0
DA:171,0
DA:172,0
DA:173,0
DA:175,0
DA:176,0
DA:177,0
DA:178,0
DA:180,0
DA:182,0
DA:183,0
DA:185,0
DA:188,13
DA:189,21
DA:190,8
DA:192,9
DA:193,5
DA:196,8
DA:198,0
DA:200,0
DA:201,0
DA:202,0
LF:111
LH:38
end_of_record
TN:
SF:/Volumes/U34 Bolt/Documents/github/ai_code_buddy/src/core/mod.rs
FN:9,run_cli_mode
FN:36,show_credits
FN:54,print_summary
FN:66,print_detailed
FN:97,print_json
FN:103,print_markdown
FNF:6
FNDA:10,run_cli_mode
FNDA:4,show_credits
FNDA:4,print_summary
FNDA:2,print_detailed
FNDA:2,print_json
FNDA:2,print_markdown
DA:9,10
DA:10,20
DA:11,20
DA:12,10
DA:13,10
DA:17,10
DA:18,2
DA:19,2
DA:23,8
DA:26,0
DA:27,0
DA:28,0
DA:29,0
DA:30,0
DA:33,0
DA:36,4
DA:37,8
DA:38,8
DA:39,4
DA:40,8
DA:41,8
DA:42,8
DA:43,4
DA:44,8
DA:45,8
DA:46,8
DA:47,8
DA:48,8
DA:49,8
DA:50,4
DA:51,8
DA:54,4
DA:55,8
DA:56,8
DA:57,8
DA:58,8
DA:59,8
DA:60,8
DA:61,8
DA:62,8
DA:63,8
DA:66,2
DA:67,4
DA:68,4
DA:69,4
DA:70,6
DA:72,2
DA:73,0
DA:74,0
DA:75,0
DA:76,0
DA:79,2
DA:80,0
DA:81,0
DA:82,0
DA:85,2
DA:86,0
DA:87,0
DA:88,0
DA:97,2
DA:98,6
DA:103,2
DA:104,4
DA:105,4
DA:106,4
DA:107,4
DA:108,4
DA:109,4
DA:110,4
DA:111,4
DA:112,4
DA:113,6
DA:116,2
DA:119,0
DA:122,0
DA:125,0
LF:76
LH:57
end_of_record
TN:
SF:/Volumes/U34 Bolt/Documents/github/ai_code_buddy/src/lib.rs
FN:44,main_functions::initialize_app
FN:55,main_functions::app_events_handler
FN:73,main_functions::keyboard_events_handler
FN:106,main_functions::mouse_events_handler
FNF:4
FNDA:4,main_functions::initialize_app
FNDA:16,main_functions::app_events_handler
FNDA:3,main_functions::keyboard_events_handler
FNDA:1,main_functions::mouse_events_handler
DA:44,4
DA:45,8
DA:46,12
DA:47,4
DA:48,4
DA:49,8
DA:52,8
DA:55,16
DA:61,43
DA:62,0
DA:63,8
DA:64,0
DA:66,3
DA:67,3
DA:73,3
DA:81,6
DA:83,8
DA:85,0
DA:86,0
DA:87,0
DA:88,0
DA:92,2
DA:93,1
DA:94,1
DA:96,0
DA:97,0
DA:99,1
DA:100,3
DA:106,1
DA:113,2
DA:115,3
DA:116,0
DA:117,1
DA:118,1
DA:120,0
DA:121,0
DA:123,0
DA:124,0
LF:38
LH:25
end_of_record
TN:
SF:/Volumes/U34 Bolt/Documents/github/ai_code_buddy/src/theme.rs
FN:16,<impl Default for Theme>::default
FN:32,Theme::title_style
FN:38,Theme::header_style
FN:44,Theme::success_style
FN:50,Theme::error_style
FN:54,Theme::warning_style
FN:60,Theme::info_style
FN:64,Theme::selected_style
FN:71,Theme::button_style
FN:82,Theme::button_hover_style
FN:89,Theme::button_normal_style
FN:95,Theme::primary_style
FNF:12
FNDA:13,<impl Default for Theme>::default
FNDA:2,Theme::title_style
FNDA:1,Theme::header_style
FNDA:1,Theme::success_style
FNDA:1,Theme::error_style
FNDA:1,Theme::warning_style
FNDA:1,Theme::info_style
FNDA:1,Theme::selected_style
FNDA:2,Theme::button_style
FNDA:1,Theme::button_hover_style
FNDA:1,Theme::button_normal_style
FNDA:1,Theme::primary_style
DA:16,13
DA:32,2
DA:33,2
DA:34,4
DA:35,2
DA:38,1
DA:39,1
DA:40,2
DA:41,1
DA:44,1
DA:45,1
DA:46,2
DA:47,1
DA:50,1
DA:51,4
DA:54,1
DA:55,1
DA:56,2
DA:57,1
DA:60,1
DA:61,3
DA:64,1
DA:65,1
DA:66,2
DA:67,2
DA:68,1
DA:71,2
DA:72,2
DA:73,1
DA:74,2
DA:75,2
DA:76,1
DA:78,1
DA:82,1
DA:83,1
DA:84,2
DA:85,2
DA:86,1
DA:89,1
DA:90,1
DA:91,2
DA:92,1
DA:95,1
DA:96,3
LF:44
LH:44
end_of_record
TN:
SF:/Volumes/U34 Bolt/Documents/github/ai_code_buddy/src/widget_states/analysis.rs
FN:14,<impl Default for AnalysisWidgetState>::default
FN:26,AnalysisWidgetState::start_analysis
FN:33,AnalysisWidgetState::update_progress
FN:38,AnalysisWidgetState::complete_analysis
FN:45,AnalysisWidgetState::move_issue_selection
FNF:5
FNDA:6,<impl Default for AnalysisWidgetState>::default
FNDA:2,AnalysisWidgetState::start_analysis
FNDA:1,AnalysisWidgetState::update_progress
FNDA:4,AnalysisWidgetState::complete_analysis
FNDA:9,AnalysisWidgetState::move_issue_selection
DA:14,6
DA:18,6
DA:26,2
DA:27,2
DA:28,2
DA:29,4
DA:30,4
DA:33,1
DA:34,1
DA:35,2
DA:38,4
DA:39,4
DA:40,4
DA:41,8
DA:42,4
DA:45,9
DA:46,18
DA:47,7
DA:48,7
DA:49,7
DA:50,7
DA:51,7
DA:52,7
LF:23
LH:23
end_of_record
TN:
SF:/Volumes/U34 Bolt/Documents/github/ai_code_buddy/src/widget_states/overview.rs
FN:32,<impl Default for OverviewWidgetState>::default
FN:49,OverviewWidgetState::is_over
FN:57,OverviewWidgetState::update_hover
FN:67,OverviewWidgetState::move_selection
FNF:4
FNDA:19,<impl Default for OverviewWidgetState>::default
FNDA:16,OverviewWidgetState::is_over
FNDA:20,OverviewWidgetState::update_hover
FNDA:25,OverviewWidgetState::move_selection
DA:32,19
DA:36,38
DA:38,19
DA:49,16
DA:50,46
DA:51,0
DA:53,2
DA:57,20
DA:58,20
DA:59,142
DA:60,135
DA:61,13
DA:62,0
DA:67,25
DA:68,25
DA:69,15
DA:70,3
DA:71,3
DA:72,3
DA:73,3
DA:74,3
DA:76,10
DA:77,2
DA:78,2
DA:79,2
DA:80,2
DA:81,2
LF:27
LH:25
end_of_record
TN:
SF:/Volumes/U34 Bolt/Documents/github/ai_code_buddy/src/widget_states/reports.rs
FN:36,<impl Default for ReportsWidgetState>::default
FN:48,ReportsWidgetState::set_review
FN:52,ReportsWidgetState::next_format
FN:61,ReportsWidgetState::previous_format
FN:70,ReportsWidgetState::start_export
FN:74,ReportsWidgetState::complete_export
FN:78,ReportsWidgetState::generate_report
FN:94,ReportsWidgetState::back_to_selection
FN:98,ReportsWidgetState::generate_summary_report
FN:139,ReportsWidgetState::generate_detailed_report
FN:239,ReportsWidgetState::generate_json_report
FN:247,ReportsWidgetState::generate_markdown_report
FNF:12
FNDA:24,<impl Default for ReportsWidgetState>::default
FNDA:14,ReportsWidgetState::set_review
FNDA:8,ReportsWidgetState::next_format
FNDA:8,ReportsWidgetState::previous_format
FNDA:3,ReportsWidgetState::start_export
FNDA:3,ReportsWidgetState::complete_export
FNDA:17,ReportsWidgetState::generate_report
FNDA:6,ReportsWidgetState::back_to_selection
FNDA:6,ReportsWidgetState::generate_summary_report
FNDA:4,ReportsWidgetState::generate_detailed_report
FNDA:3,ReportsWidgetState::generate_json_report
FNDA:2,ReportsWidgetState::generate_markdown_report
DA:36,24
DA:48,14
DA:49,28
DA:52,8
DA:53,8
DA:54,2
DA:55,2
DA:56,2
DA:57,2
DA:61,8
DA:62,8
DA:63,2
DA:64,2
DA:65,2
DA:66,2
DA:70,3
DA:71,6
DA:74,3
DA:75,6
DA:78,17
DA:79,32
DA:80,0
DA:81,6
DA:82,12
DA:83,9
DA:84,6
DA:86,0
DA:87,0
DA:88,0
DA:90,2
DA:94,6
DA:95,6
DA:98,6
DA:99,6
DA:125,6
DA:126,4
DA:128,2
DA:130,6
DA:131,4
DA:133,2
DA:135,12
DA:139,4
DA:140,8
DA:150,8
DA:151,3
DA:152,1
DA:156,0
DA:157,0
DA:158,0
DA:159,0
DA:161,21
DA:162,0
DA:163,6
DA:164,13
DA:165,11
DA:166,9
DA:167,1
DA:172,0
DA:173,2
DA:174,0
DA:175,2
DA:176,0
DA:177,0
DA:178,0
DA:179,0
DA:180,0
DA:181,0
DA:182,0
DA:188,0
DA:189,2
DA:190,0
DA:191,2
DA:192,0
DA:193,0
DA:194,0
DA:195,0
DA:196,0
DA:197,0
DA:198,0
DA:204,0
DA:205,2
DA:206,0
DA:207,2
DA:208,0
DA:209,0
DA:210,0
DA:211,0
DA:212,0
DA:213,0
DA:214,0
DA:220,0
DA:221,3
DA:222,0
DA:223,3
DA:224,0
DA:225,0
DA:226,0
DA:227,0
DA:228,0
DA:229,0
DA:230,0
DA:235,0
DA:236,0
DA:239,3
DA:241,3
DA:242,3
DA:243,0
DA:247,2
DA:248,4
DA:265,4
DA:266,0
DA:267,0
DA:270,0
DA:273,8
DA:274,0
DA:275,0
DA:277,64
DA:280,0
DA:281,8
DA:282,2
DA:283,8
DA:284,6
DA:285,4
DA:286,0
DA:289,0
DA:291,24
DA:292,0
DA:293,0
DA:294,0
DA:300,0
DA:301,0
LF:131
LH:70
end_of_record
