TN:
SF:/Volumes/U34 Bolt/Documents/github/ai_code_buddy/src/args.rs
FN:4,is_gpu_available
FNF:1
FNDA:2,is_gpu_available
DA:4,2
DA:7,2
LF:2
LH:2
end_of_record
TN:
SF:/Volumes/U34 Bolt/Documents/github/ai_code_buddy/src/core/ai_analyzer.rs
FN:32,<impl Display for GpuBackend>::fmt
FN:47,AIAnalyzer::new
FN:74,AIAnalyzer::get_backend
FN:78,AIAnalyzer::detect_gpu_backend
FN:101,AIAnalyzer::is_apple_silicon
FN:106,AIAnalyzer::has_cuda_support
FN:115,AIAnalyzer::has_mkl_support
FN:121,AIAnalyzer::analyze_file
FN:156,AIAnalyzer::rule_based_analysis
FN:425,AIAnalyzer::detect_language
FNF:10
FNDA:23,<impl Display for GpuBackend>::fmt
FNDA:6,AIAnalyzer::new
FNDA:3,AIAnalyzer::get_backend
FNDA:0,AIAnalyzer::detect_gpu_backend
FNDA:0,AIAnalyzer::is_apple_silicon
FNDA:0,AIAnalyzer::has_cuda_support
FNDA:0,AIAnalyzer::has_mkl_support
FNDA:6,AIAnalyzer::analyze_file
FNDA:12,AIAnalyzer::rule_based_analysis
FNDA:16,AIAnalyzer::detect_language
DA:32,23
DA:33,23
DA:34,5
DA:35,15
DA:36,15
DA:37,24
DA:47,6
DA:48,6
DA:51,6
DA:52,0
DA:54,3
DA:57,6
DA:59,6
DA:60,6
DA:62,6
DA:65,3
DA:66,3
DA:67,6
DA:70,3
DA:74,3
DA:75,3
DA:78,0
DA:80,0
DA:81,0
DA:82,0
DA:85,0
DA:86,0
DA:87,0
DA:90,0
DA:91,0
DA:92,0
DA:96,0
DA:101,0
DA:103,0
DA:106,0
DA:109,0
DA:111,0
DA:115,0
DA:121,6
DA:126,24
DA:128,12
DA:136,12
DA:140,30
DA:145,6
DA:156,12
DA:157,24
DA:159,98
DA:167,69
DA:168,69
DA:169,5
DA:170,10
DA:172,5
DA:173,5
DA:174,5
DA:175,5
DA:176,5
DA:177,5
DA:178,5
DA:179,5
DA:184,74
DA:185,3
DA:186,3
DA:187,3
DA:188,3
DA:189,3
DA:190,3
DA:191,3
DA:197,4
DA:198,4
DA:200,2
DA:201,2
DA:202,2
DA:203,2
DA:204,2
DA:205,2
DA:206,2
DA:212,72
DA:213,72
DA:214,2
DA:215,0
DA:216,0
DA:218,2
DA:219,2
DA:220,2
DA:221,2
DA:222,2
DA:223,2
DA:224,2
DA:230,4
DA:232,2
DA:233,2
DA:234,2
DA:235,2
DA:236,2
DA:237,2
DA:238,2
DA:245,24
DA:247,32
DA:248,32
DA:249,8
DA:250,8
DA:251,40
DA:252,16
DA:254,48
DA:255,2
DA:273,99
DA:274,9
DA:275,9
DA:276,6
DA:277,9
DA:278,9
DA:279,6
DA:280,6
DA:281,3
DA:285,98
DA:286,6
DA:287,6
DA:288,4
DA:289,6
DA:290,6
DA:291,4
DA:292,4
DA:293,2
DA:298,102
DA:299,3
DA:300,3
DA:301,3
DA:302,3
DA:303,3
DA:304,3
DA:305,3
DA:306,3
DA:307,3
DA:312,102
DA:313,6
DA:314,6
DA:315,4
DA:316,6
DA:317,6
DA:318,4
DA:319,4
DA:320,2
DA:324,26
DA:326,36
DA:327,2
DA:328,2
DA:329,2
DA:330,2
DA:331,2
DA:332,2
DA:333,2
DA:334,2
DA:338,36
DA:339,2
DA:340,2
DA:341,2
DA:342,2
DA:343,2
DA:344,2
DA:345,2
DA:350,38
DA:351,2
DA:352,2
DA:353,2
DA:354,2
DA:355,2
DA:356,2
DA:357,2
DA:358,2
DA:359,2
DA:363,10
DA:365,26
DA:366,6
DA:367,6
DA:368,4
DA:369,6
DA:370,6
DA:371,4
DA:372,4
DA:373,2
DA:378,26
DA:379,6
DA:380,6
DA:381,4
DA:382,6
DA:383,6
DA:384,4
DA:385,4
DA:386,2
DA:390,0
DA:395,146
DA:396,2
DA:397,2
DA:398,2
DA:399,2
DA:400,2
DA:401,2
DA:402,2
DA:407,2
DA:408,6
DA:409,6
DA:410,4
DA:411,6
DA:412,6
DA:413,4
DA:414,4
DA:415,6
DA:417,2
DA:422,12
DA:425,16
DA:426,48
DA:427,80
DA:428,32
DA:429,12
DA:430,10
DA:431,8
DA:432,2
DA:433,6
DA:434,2
DA:435,2
DA:436,2
DA:437,2
DA:438,2
DA:439,2
LF:224
LH:203
end_of_record
TN:
SF:/Volumes/U34 Bolt/Documents/github/ai_code_buddy/src/core/analysis.rs
FN:10,perform_analysis_with_progress
FN:123,perform_analysis
FN:129,should_analyze_file
FN:160,file_matches_pattern
FN:172,detect_language
FNF:5
FNDA:9,perform_analysis_with_progress
FNDA:8,perform_analysis
FNDA:18,should_analyze_file
FNDA:18,file_matches_pattern
FNDA:14,detect_language
DA:10,9
DA:14,18
DA:16,27
DA:19,5
DA:21,0
DA:24,0
DA:30,0
DA:34,0
DA:35,1
DA:36,1
DA:37,1
DA:38,0
DA:40,1
DA:43,0
DA:46,1
DA:47,1
DA:48,35
DA:50,0
DA:51,0
DA:53,8
DA:55,0
DA:61,0
DA:62,8
DA:63,12
DA:64,8
DA:65,8
DA:66,8
DA:68,8
DA:69,1
DA:70,1
DA:71,1
DA:72,1
DA:75,8
DA:76,4
DA:77,4
DA:80,16
DA:82,0
DA:84,0
DA:88,0
DA:89,0
DA:90,0
DA:92,4
DA:93,12
DA:94,0
DA:95,2
DA:96,3
DA:97,2
DA:98,0
DA:99,0
DA:101,0
DA:102,0
DA:105,0
DA:106,0
DA:114,1
DA:116,0
DA:117,0
DA:120,0
DA:123,8
DA:125,16
DA:126,0
DA:129,18
DA:131,18
DA:132,8
DA:135,24
DA:137,2
DA:142,18
DA:143,6
DA:144,2
DA:149,14
DA:150,12
DA:151,10
DA:152,10
DA:154,6
DA:160,18
DA:162,36
DA:163,28
DA:164,42
DA:165,6
DA:168,6
DA:172,14
DA:174,42
DA:175,70
DA:176,26
DA:177,12
DA:178,10
DA:179,8
DA:180,2
DA:181,6
DA:182,2
DA:183,2
DA:184,2
DA:185,2
DA:186,2
DA:187,2
LF:94
LH:68
end_of_record
TN:
SF:/Volumes/U34 Bolt/Documents/github/ai_code_buddy/src/core/git.rs
FN:9,GitAnalyzer::new
FN:16,GitAnalyzer::get_changed_files
FN:62,GitAnalyzer::get_uncommitted_files
FN:85,GitAnalyzer::get_file_status
FN:115,GitAnalyzer::get_file_content
FN:169,GitAnalyzer::get_file_content_from_index
FN:188,GitAnalyzer::get_commit
FNF:7
FNDA:27,GitAnalyzer::new
FNDA:11,GitAnalyzer::get_changed_files
FNDA:8,GitAnalyzer::get_uncommitted_files
FNDA:13,GitAnalyzer::get_file_status
FNDA:8,GitAnalyzer::get_file_content
FNDA:1,GitAnalyzer::get_file_content_from_index
FNDA:16,GitAnalyzer::get_commit
DA:9,27
DA:10,18
DA:11,99
DA:13,0
DA:16,11
DA:21,22
DA:22,22
DA:25,11
DA:26,24
DA:27,5
DA:29,1
DA:30,1
DA:32,1
DA:33,0
DA:34,0
DA:36,0
DA:37,1
DA:38,2
DA:39,0
DA:40,0
DA:41,0
DA:43,1
DA:45,0
DA:46,0
DA:47,0
DA:52,12
DA:53,14
DA:54,4
DA:55,4
DA:59,0
DA:62,8
DA:63,16
DA:64,32
DA:66,5
DA:67,0
DA:68,0
DA:69,4
DA:70,4
DA:71,0
DA:72,2
DA:73,1
DA:75,4
DA:76,10
DA:77,0
DA:82,0
DA:85,13
DA:86,52
DA:88,18
DA:89,36
DA:90,0
DA:91,18
DA:93,12
DA:94,4
DA:95,4
DA:97,2
DA:100,0
DA:101,2
DA:104,0
DA:105,2
DA:112,7
DA:115,8
DA:117,32
DA:119,0
DA:122,4
DA:123,2
DA:125,2
DA:126,0
DA:128,0
DA:129,0
DA:133,2
DA:134,1
DA:136,0
DA:137,0
DA:139,0
DA:140,0
DA:142,0
DA:143,0
DA:150,10
DA:151,5
DA:153,5
DA:154,3
DA:155,0
DA:156,0
DA:157,3
DA:159,0
DA:161,3
DA:162,0
DA:164,0
DA:169,1
DA:170,3
DA:171,1
DA:172,0
DA:173,0
DA:175,1
DA:176,0
DA:177,0
DA:178,1
DA:180,0
DA:182,1
DA:183,0
DA:185,0
DA:188,16
DA:189,27
DA:190,12
DA:192,10
DA:193,5
DA:196,11
DA:198,0
DA:200,0
DA:201,0
DA:202,0
LF:111
LH:66
end_of_record
TN:
SF:/Volumes/U34 Bolt/Documents/github/ai_code_buddy/src/core/mod.rs
FN:9,run_cli_mode
FN:36,show_credits
FN:54,print_summary
FN:66,print_detailed
FN:97,print_json
FN:103,print_markdown
FNF:6
FNDA:10,run_cli_mode
FNDA:4,show_credits
FNDA:4,print_summary
FNDA:2,print_detailed
FNDA:2,print_json
FNDA:2,print_markdown
DA:9,10
DA:10,20
DA:11,20
DA:12,10
DA:13,10
DA:17,10
DA:18,2
DA:19,2
DA:23,8
DA:26,0
DA:27,0
DA:28,0
DA:29,0
DA:30,0
DA:33,0
DA:36,4
DA:37,8
DA:38,8
DA:39,4
DA:40,8
DA:41,8
DA:42,8
DA:43,4
DA:44,8
DA:45,8
DA:46,8
DA:47,8
DA:48,8
DA:49,8
DA:50,4
DA:51,8
DA:54,4
DA:55,8
DA:56,8
DA:57,8
DA:58,8
DA:59,8
DA:60,8
DA:61,8
DA:62,8
DA:63,8
DA:66,2
DA:67,4
DA:68,4
DA:69,4
DA:70,6
DA:72,2
DA:73,0
DA:74,0
DA:75,0
DA:76,0
DA:79,2
DA:80,0
DA:81,0
DA:82,0
DA:85,2
DA:86,0
DA:87,0
DA:88,0
DA:97,2
DA:98,6
DA:103,2
DA:104,4
DA:105,4
DA:106,4
DA:107,4
DA:108,4
DA:109,4
DA:110,4
DA:111,4
DA:112,4
DA:113,6
DA:116,2
DA:119,0
DA:122,0
DA:125,0
LF:76
LH:57
end_of_record
TN:
SF:/Volumes/U34 Bolt/Documents/github/ai_code_buddy/src/lib.rs
FN:44,main_functions::initialize_app
FN:55,main_functions::app_events_handler
FN:73,main_functions::keyboard_events_handler
FN:106,main_functions::mouse_events_handler
FNF:4
FNDA:4,main_functions::initialize_app
FNDA:16,main_functions::app_events_handler
FNDA:3,main_functions::keyboard_events_handler
FNDA:1,main_functions::mouse_events_handler
DA:44,4
DA:45,8
DA:46,12
DA:47,4
DA:48,4
DA:49,8
DA:52,8
DA:55,16
DA:61,43
DA:62,0
DA:63,8
DA:64,0
DA:66,3
DA:67,3
DA:73,3
DA:81,6
DA:83,8
DA:85,0
DA:86,0
DA:87,0
DA:88,0
DA:92,2
DA:93,1
DA:94,1
DA:96,0
DA:97,0
DA:99,1
DA:100,3
DA:106,1
DA:113,2
DA:115,3
DA:116,0
DA:117,1
DA:118,1
DA:120,0
DA:121,0
DA:123,0
DA:124,0
LF:38
LH:25
end_of_record
TN:
SF:/Volumes/U34 Bolt/Documents/github/ai_code_buddy/src/theme.rs
FN:16,<impl Default for Theme>::default
FN:32,Theme::title_style
FN:38,Theme::header_style
FN:44,Theme::success_style
FN:50,Theme::error_style
FN:54,Theme::warning_style
FN:60,Theme::info_style
FN:64,Theme::selected_style
FN:71,Theme::button_style
FN:82,Theme::button_hover_style
FN:89,Theme::button_normal_style
FN:95,Theme::primary_style
FNF:12
FNDA:13,<impl Default for Theme>::default
FNDA:2,Theme::title_style
FNDA:1,Theme::header_style
FNDA:1,Theme::success_style
FNDA:1,Theme::error_style
FNDA:1,Theme::warning_style
FNDA:1,Theme::info_style
FNDA:1,Theme::selected_style
FNDA:2,Theme::button_style
FNDA:1,Theme::button_hover_style
FNDA:1,Theme::button_normal_style
FNDA:1,Theme::primary_style
DA:16,13
DA:32,2
DA:33,2
DA:34,4
DA:35,2
DA:38,1
DA:39,1
DA:40,2
DA:41,1
DA:44,1
DA:45,1
DA:46,2
DA:47,1
DA:50,1
DA:51,4
DA:54,1
DA:55,1
DA:56,2
DA:57,1
DA:60,1
DA:61,3
DA:64,1
DA:65,1
DA:66,2
DA:67,2
DA:68,1
DA:71,2
DA:72,2
DA:73,1
DA:74,2
DA:75,2
DA:76,1
DA:78,1
DA:82,1
DA:83,1
DA:84,2
DA:85,2
DA:86,1
DA:89,1
DA:90,1
DA:91,2
DA:92,1
DA:95,1
DA:96,3
LF:44
LH:44
end_of_record
TN:
SF:/Volumes/U34 Bolt/Documents/github/ai_code_buddy/src/widget_states/analysis.rs
FN:14,<impl Default for AnalysisWidgetState>::default
FN:26,AnalysisWidgetState::start_analysis
FN:33,AnalysisWidgetState::update_progress
FN:38,AnalysisWidgetState::complete_analysis
FN:45,AnalysisWidgetState::move_issue_selection
FNF:5
FNDA:6,<impl Default for AnalysisWidgetState>::default
FNDA:2,AnalysisWidgetState::start_analysis
FNDA:1,AnalysisWidgetState::update_progress
FNDA:4,AnalysisWidgetState::complete_analysis
FNDA:9,AnalysisWidgetState::move_issue_selection
DA:14,6
DA:18,6
DA:26,2
DA:27,2
DA:28,2
DA:29,4
DA:30,4
DA:33,1
DA:34,1
DA:35,2
DA:38,4
DA:39,4
DA:40,4
DA:41,8
DA:42,4
DA:45,9
DA:46,18
DA:47,7
DA:48,7
DA:49,7
DA:50,7
DA:51,7
DA:52,7
LF:23
LH:23
end_of_record
TN:
SF:/Volumes/U34 Bolt/Documents/github/ai_code_buddy/src/widget_states/overview.rs
FN:32,<impl Default for OverviewWidgetState>::default
FN:49,OverviewWidgetState::is_over
FN:57,OverviewWidgetState::update_hover
FN:67,OverviewWidgetState::move_selection
FNF:4
FNDA:19,<impl Default for OverviewWidgetState>::default
FNDA:16,OverviewWidgetState::is_over
FNDA:20,OverviewWidgetState::update_hover
FNDA:25,OverviewWidgetState::move_selection
DA:32,19
DA:36,38
DA:38,19
DA:49,16
DA:50,46
DA:51,0
DA:53,2
DA:57,20
DA:58,20
DA:59,142
DA:60,135
DA:61,13
DA:62,0
DA:67,25
DA:68,25
DA:69,15
DA:70,3
DA:71,3
DA:72,3
DA:73,3
DA:74,3
DA:76,10
DA:77,2
DA:78,2
DA:79,2
DA:80,2
DA:81,2
LF:27
LH:25
end_of_record
